<?xml version="1.0" encoding="UTF-8"?>
<testsuite xmlns:xsi="http://www.w3.org/2001/XMLSchema-instance" xsi:noNamespaceSchemaLocation="https://maven.apache.org/surefire/maven-surefire-plugin/xsd/surefire-test-report.xsd" name="org.acme.rest.json.FruitResourceTest" time="8.733" tests="1" errors="0" skipped="0" failures="1">
  <properties>
    <property name="awt.toolkit" value="sun.awt.X11.XToolkit"/>
    <property name="java.specification.version" value="11"/>
    <property name="sun.cpu.isalist" value=""/>
    <property name="sun.jnu.encoding" value="UTF-8"/>
    <property name="java.class.path" value="/home/werrio5/rest-json/target/test-classes:/home/werrio5/rest-json/target/classes:/home/werrio5/.m2/repository/io/quarkus/quarkus-resteasy/0.25.0/quarkus-resteasy-0.25.0.jar:/home/werrio5/.m2/repository/io/quarkus/quarkus-vertx-http/0.25.0/quarkus-vertx-http-0.25.0.jar:/home/werrio5/.m2/repository/io/quarkus/security/quarkus-security/1.0.0.Alpha2/quarkus-security-1.0.0.Alpha2.jar:/home/werrio5/.m2/repository/javax/enterprise/cdi-api/2.0.SP1/cdi-api-2.0.SP1.jar:/home/werrio5/.m2/repository/javax/el/javax.el-api/3.0.0/javax.el-api-3.0.0.jar:/home/werrio5/.m2/repository/javax/interceptor/javax.interceptor-api/1.2/javax.interceptor-api-1.2.jar:/home/werrio5/.m2/repository/io/quarkus/quarkus-vertx-core/0.25.0/quarkus-vertx-core-0.25.0.jar:/home/werrio5/.m2/repository/io/quarkus/quarkus-netty/0.25.0/quarkus-netty-0.25.0.jar:/home/werrio5/.m2/repository/io/netty/netty-codec/4.1.39.Final/netty-codec-4.1.39.Final.jar:/home/werrio5/.m2/repository/io/netty/netty-handler/4.1.39.Final/netty-handler-4.1.39.Final.jar:/home/werrio5/.m2/repository/io/vertx/vertx-core/3.8.2/vertx-core-3.8.2.jar:/home/werrio5/.m2/repository/io/netty/netty-common/4.1.39.Final/netty-common-4.1.39.Final.jar:/home/werrio5/.m2/repository/io/netty/netty-buffer/4.1.39.Final/netty-buffer-4.1.39.Final.jar:/home/werrio5/.m2/repository/io/netty/netty-transport/4.1.39.Final/netty-transport-4.1.39.Final.jar:/home/werrio5/.m2/repository/io/netty/netty-handler-proxy/4.1.39.Final/netty-handler-proxy-4.1.39.Final.jar:/home/werrio5/.m2/repository/io/netty/netty-codec-socks/4.1.39.Final/netty-codec-socks-4.1.39.Final.jar:/home/werrio5/.m2/repository/io/netty/netty-codec-http/4.1.39.Final/netty-codec-http-4.1.39.Final.jar:/home/werrio5/.m2/repository/io/netty/netty-codec-http2/4.1.39.Final/netty-codec-http2-4.1.39.Final.jar:/home/werrio5/.m2/repository/io/netty/netty-resolver/4.1.39.Final/netty-resolver-4.1.39.Final.jar:/home/werrio5/.m2/repository/io/netty/netty-resolver-dns/4.1.39.Final/netty-resolver-dns-4.1.39.Final.jar:/home/werrio5/.m2/repository/io/netty/netty-codec-dns/4.1.39.Final/netty-codec-dns-4.1.39.Final.jar:/home/werrio5/.m2/repository/com/fasterxml/jackson/core/jackson-core/2.9.10/jackson-core-2.9.10.jar:/home/werrio5/.m2/repository/io/vertx/vertx-web/3.8.2/vertx-web-3.8.2.jar:/home/werrio5/.m2/repository/io/vertx/vertx-web-common/3.8.2/vertx-web-common-3.8.2.jar:/home/werrio5/.m2/repository/io/vertx/vertx-auth-common/3.8.2/vertx-auth-common-3.8.2.jar:/home/werrio5/.m2/repository/io/vertx/vertx-bridge-common/3.8.2/vertx-bridge-common-3.8.2.jar:/home/werrio5/.m2/repository/io/quarkus/quarkus-resteasy-server-common/0.25.0/quarkus-resteasy-server-common-0.25.0.jar:/home/werrio5/.m2/repository/io/quarkus/quarkus-arc/0.25.0/quarkus-arc-0.25.0.jar:/home/werrio5/.m2/repository/io/quarkus/arc/arc/0.25.0/arc-0.25.0.jar:/home/werrio5/.m2/repository/org/eclipse/microprofile/context-propagation/microprofile-context-propagation-api/1.0.1/microprofile-context-propagation-api-1.0.1.jar:/home/werrio5/.m2/repository/io/quarkus/quarkus-resteasy-common/0.25.0/quarkus-resteasy-common-0.25.0.jar:/home/werrio5/.m2/repository/org/jboss/resteasy/resteasy-core/4.3.1.Final/resteasy-core-4.3.1.Final.jar:/home/werrio5/.m2/repository/org/jboss/spec/javax/ws/rs/jboss-jaxrs-api_2.1_spec/1.0.2.Final/jboss-jaxrs-api_2.1_spec-1.0.2.Final.jar:/home/werrio5/.m2/repository/org/jboss/spec/javax/xml/bind/jboss-jaxb-api_2.3_spec/1.0.1.Final/jboss-jaxb-api_2.3_spec-1.0.1.Final.jar:/home/werrio5/.m2/repository/org/jboss/resteasy/resteasy-core-spi/4.3.1.Final/resteasy-core-spi-4.3.1.Final.jar:/home/werrio5/.m2/repository/org/reactivestreams/reactive-streams/1.0.3/reactive-streams-1.0.3.jar:/home/werrio5/.m2/repository/com/sun/activation/jakarta.activation/1.2.1/jakarta.activation-1.2.1.jar:/home/werrio5/.m2/repository/javax/validation/validation-api/2.0.1.Final/validation-api-2.0.1.Final.jar:/home/werrio5/.m2/repository/io/quarkus/quarkus-junit5/0.25.0/quarkus-junit5-0.25.0.jar:/home/werrio5/.m2/repository/io/quarkus/quarkus-bootstrap-core/0.25.0/quarkus-bootstrap-core-0.25.0.jar:/home/werrio5/.m2/repository/org/apache/maven/maven-embedder/3.5.4/maven-embedder-3.5.4.jar:/home/werrio5/.m2/repository/org/apache/maven/maven-settings/3.5.4/maven-settings-3.5.4.jar:/home/werrio5/.m2/repository/org/apache/maven/maven-core/3.5.4/maven-core-3.5.4.jar:/home/werrio5/.m2/repository/org/apache/maven/maven-artifact/3.5.4/maven-artifact-3.5.4.jar:/home/werrio5/.m2/repository/org/apache/maven/maven-plugin-api/3.5.4/maven-plugin-api-3.5.4.jar:/home/werrio5/.m2/repository/org/apache/maven/maven-model/3.5.4/maven-model-3.5.4.jar:/home/werrio5/.m2/repository/org/apache/maven/maven-model-builder/3.5.4/maven-model-builder-3.5.4.jar:/home/werrio5/.m2/repository/org/apache/maven/maven-builder-support/3.5.4/maven-builder-support-3.5.4.jar:/home/werrio5/.m2/repository/org/apache/maven/resolver/maven-resolver-api/1.1.1/maven-resolver-api-1.1.1.jar:/home/werrio5/.m2/repository/org/apache/maven/resolver/maven-resolver-util/1.1.1/maven-resolver-util-1.1.1.jar:/home/werrio5/.m2/repository/org/apache/maven/shared/maven-shared-utils/3.2.1/maven-shared-utils-3.2.1.jar:/home/werrio5/.m2/repository/com/google/inject/guice/4.2.0/guice-4.2.0-no_aop.jar:/home/werrio5/.m2/repository/aopalliance/aopalliance/1.0/aopalliance-1.0.jar:/home/werrio5/.m2/repository/com/google/guava/guava/27.0.1-jre/guava-27.0.1-jre.jar:/home/werrio5/.m2/repository/com/google/guava/failureaccess/1.0.1/failureaccess-1.0.1.jar:/home/werrio5/.m2/repository/com/google/guava/listenablefuture/9999.0-empty-to-avoid-conflict-with-guava/listenablefuture-9999.0-empty-to-avoid-conflict-with-guava.jar:/home/werrio5/.m2/repository/com/google/code/findbugs/jsr305/3.0.2/jsr305-3.0.2.jar:/home/werrio5/.m2/repository/org/checkerframework/checker-qual/2.5.2/checker-qual-2.5.2.jar:/home/werrio5/.m2/repository/com/google/errorprone/error_prone_annotations/2.2.0/error_prone_annotations-2.2.0.jar:/home/werrio5/.m2/repository/com/google/j2objc/j2objc-annotations/1.1/j2objc-annotations-1.1.jar:/home/werrio5/.m2/repository/org/codehaus/mojo/animal-sniffer-annotations/1.17/animal-sniffer-annotations-1.17.jar:/home/werrio5/.m2/repository/javax/annotation/jsr250-api/1.0/jsr250-api-1.0.jar:/home/werrio5/.m2/repository/org/codehaus/plexus/plexus-utils/3.0.24/plexus-utils-3.0.24.jar:/home/werrio5/.m2/repository/org/codehaus/plexus/plexus-classworlds/2.5.2/plexus-classworlds-2.5.2.jar:/home/werrio5/.m2/repository/org/eclipse/sisu/org.eclipse.sisu.plexus/0.3.3/org.eclipse.sisu.plexus-0.3.3.jar:/home/werrio5/.m2/repository/org/codehaus/plexus/plexus-component-annotations/1.7.1/plexus-component-annotations-1.7.1.jar:/home/werrio5/.m2/repository/commons-cli/commons-cli/1.4/commons-cli-1.4.jar:/home/werrio5/.m2/repository/org/apache/maven/maven-settings-builder/3.5.4/maven-settings-builder-3.5.4.jar:/home/werrio5/.m2/repository/org/codehaus/plexus/plexus-interpolation/1.24/plexus-interpolation-1.24.jar:/home/werrio5/.m2/repository/org/sonatype/plexus/plexus-sec-dispatcher/1.4/plexus-sec-dispatcher-1.4.jar:/home/werrio5/.m2/repository/org/sonatype/plexus/plexus-cipher/1.4/plexus-cipher-1.4.jar:/home/werrio5/.m2/repository/org/apache/maven/maven-resolver-provider/3.5.4/maven-resolver-provider-3.5.4.jar:/home/werrio5/.m2/repository/org/apache/maven/maven-repository-metadata/3.5.4/maven-repository-metadata-3.5.4.jar:/home/werrio5/.m2/repository/org/apache/maven/resolver/maven-resolver-spi/1.1.1/maven-resolver-spi-1.1.1.jar:/home/werrio5/.m2/repository/org/apache/maven/resolver/maven-resolver-impl/1.1.1/maven-resolver-impl-1.1.1.jar:/home/werrio5/.m2/repository/org/apache/maven/resolver/maven-resolver-connector-basic/1.1.1/maven-resolver-connector-basic-1.1.1.jar:/home/werrio5/.m2/repository/org/apache/maven/resolver/maven-resolver-transport-wagon/1.1.1/maven-resolver-transport-wagon-1.1.1.jar:/home/werrio5/.m2/repository/org/apache/maven/wagon/wagon-provider-api/3.0.0/wagon-provider-api-3.0.0.jar:/home/werrio5/.m2/repository/org/apache/maven/wagon/wagon-http/3.0.0/wagon-http-3.0.0.jar:/home/werrio5/.m2/repository/org/apache/maven/wagon/wagon-http-shared/3.0.0/wagon-http-shared-3.0.0.jar:/home/werrio5/.m2/repository/org/jsoup/jsoup/1.7.2/jsoup-1.7.2.jar:/home/werrio5/.m2/repository/org/apache/maven/wagon/wagon-file/3.0.0/wagon-file-3.0.0.jar:/home/werrio5/.m2/repository/org/jboss/logging/jboss-logging/3.3.2.Final/jboss-logging-3.3.2.Final.jar:/home/werrio5/.m2/repository/org/jboss/logging/commons-logging-jboss-logging/1.0.0.Final/commons-logging-jboss-logging-1.0.0.Final.jar:/home/werrio5/.m2/repository/io/quarkus/quarkus-test-common/0.25.0/quarkus-test-common-0.25.0.jar:/home/werrio5/.m2/repository/io/quarkus/quarkus-core-deployment/0.25.0/quarkus-core-deployment-0.25.0.jar:/home/werrio5/.m2/repository/io/quarkus/gizmo/gizmo/1.0.0.Alpha8/gizmo-1.0.0.Alpha8.jar:/home/werrio5/.m2/repository/org/ow2/asm/asm-util/7.1/asm-util-7.1.jar:/home/werrio5/.m2/repository/org/ow2/asm/asm-tree/7.1/asm-tree-7.1.jar:/home/werrio5/.m2/repository/org/ow2/asm/asm-analysis/7.1/asm-analysis-7.1.jar:/home/werrio5/.m2/repository/org/ow2/asm/asm/7.1/asm-7.1.jar:/home/werrio5/.m2/repository/io/quarkus/quarkus-builder/0.25.0/quarkus-builder-0.25.0.jar:/home/werrio5/.m2/repository/io/quarkus/quarkus-jsonp-deployment/0.25.0/quarkus-jsonp-deployment-0.25.0.jar:/home/werrio5/.m2/repository/org/jboss/jandex/2.1.1.Final/jandex-2.1.1.Final.jar:/home/werrio5/.m2/repository/org/junit/jupiter/junit-jupiter/5.5.2/junit-jupiter-5.5.2.jar:/home/werrio5/.m2/repository/org/junit/jupiter/junit-jupiter-api/5.5.2/junit-jupiter-api-5.5.2.jar:/home/werrio5/.m2/repository/org/apiguardian/apiguardian-api/1.1.0/apiguardian-api-1.1.0.jar:/home/werrio5/.m2/repository/org/opentest4j/opentest4j/1.2.0/opentest4j-1.2.0.jar:/home/werrio5/.m2/repository/org/junit/platform/junit-platform-commons/1.5.2/junit-platform-commons-1.5.2.jar:/home/werrio5/.m2/repository/org/junit/jupiter/junit-jupiter-params/5.5.2/junit-jupiter-params-5.5.2.jar:/home/werrio5/.m2/repository/org/junit/jupiter/junit-jupiter-engine/5.5.2/junit-jupiter-engine-5.5.2.jar:/home/werrio5/.m2/repository/org/junit/platform/junit-platform-engine/1.5.2/junit-platform-engine-1.5.2.jar:/home/werrio5/.m2/repository/io/quarkus/quarkus-core/0.25.0/quarkus-core-0.25.0.jar:/home/werrio5/.m2/repository/javax/inject/javax.inject/1/javax.inject-1.jar:/home/werrio5/.m2/repository/javax/annotation/javax.annotation-api/1.3.2/javax.annotation-api-1.3.2.jar:/home/werrio5/.m2/repository/io/smallrye/smallrye-config/1.3.9/smallrye-config-1.3.9.jar:/home/werrio5/.m2/repository/org/eclipse/microprofile/config/microprofile-config-api/1.3/microprofile-config-api-1.3.jar:/home/werrio5/.m2/repository/org/jboss/logmanager/jboss-logmanager-embedded/1.0.3/jboss-logmanager-embedded-1.0.3.jar:/home/werrio5/.m2/repository/org/jboss/logging/jboss-logging-annotations/2.1.0.Final/jboss-logging-annotations-2.1.0.Final.jar:/home/werrio5/.m2/repository/org/jboss/threads/jboss-threads/3.0.0.Final/jboss-threads-3.0.0.Final.jar:/home/werrio5/.m2/repository/org/slf4j/slf4j-api/1.7.25/slf4j-api-1.7.25.jar:/home/werrio5/.m2/repository/org/jboss/slf4j/slf4j-jboss-logging/1.2.0.Final/slf4j-jboss-logging-1.2.0.Final.jar:/home/werrio5/.m2/repository/org/graalvm/sdk/graal-sdk/19.2.0.1/graal-sdk-19.2.0.1.jar:/home/werrio5/.m2/repository/org/wildfly/common/wildfly-common/1.5.0.Final-format-001/wildfly-common-1.5.0.Final-format-001.jar:/home/werrio5/.m2/repository/io/rest-assured/rest-assured/4.1.1/rest-assured-4.1.1.jar:/home/werrio5/.m2/repository/org/codehaus/groovy/groovy/2.5.6/groovy-2.5.6.jar:/home/werrio5/.m2/repository/org/codehaus/groovy/groovy-xml/2.5.6/groovy-xml-2.5.6.jar:/home/werrio5/.m2/repository/org/apache/httpcomponents/httpclient/4.5.9/httpclient-4.5.9.jar:/home/werrio5/.m2/repository/org/apache/httpcomponents/httpcore/4.4.11/httpcore-4.4.11.jar:/home/werrio5/.m2/repository/commons-codec/commons-codec/1.11/commons-codec-1.11.jar:/home/werrio5/.m2/repository/org/apache/httpcomponents/httpmime/4.5.3/httpmime-4.5.3.jar:/home/werrio5/.m2/repository/org/hamcrest/hamcrest/2.1/hamcrest-2.1.jar:/home/werrio5/.m2/repository/org/ccil/cowan/tagsoup/tagsoup/1.2.1/tagsoup-1.2.1.jar:/home/werrio5/.m2/repository/io/rest-assured/json-path/4.1.1/json-path-4.1.1.jar:/home/werrio5/.m2/repository/org/codehaus/groovy/groovy-json/2.5.6/groovy-json-2.5.6.jar:/home/werrio5/.m2/repository/io/rest-assured/rest-assured-common/4.1.1/rest-assured-common-4.1.1.jar:/home/werrio5/.m2/repository/io/rest-assured/xml-path/4.1.1/xml-path-4.1.1.jar:/home/werrio5/.m2/repository/org/apache/commons/commons-lang3/3.8.1/commons-lang3-3.8.1.jar:/home/werrio5/.m2/repository/javax/xml/bind/jaxb-api/2.3.1/jaxb-api-2.3.1.jar:/home/werrio5/.m2/repository/org/apache/sling/org.apache.sling.javax.activation/0.1.0/org.apache.sling.javax.activation-0.1.0.jar:/home/werrio5/.m2/repository/io/quarkus/quarkus-resteasy-jsonb/0.25.0/quarkus-resteasy-jsonb-0.25.0.jar:/home/werrio5/.m2/repository/io/quarkus/quarkus-jsonb/0.25.0/quarkus-jsonb-0.25.0.jar:/home/werrio5/.m2/repository/org/eclipse/yasson/1.0.4/yasson-1.0.4.jar:/home/werrio5/.m2/repository/javax/json/bind/javax.json.bind-api/1.0/javax.json.bind-api-1.0.jar:/home/werrio5/.m2/repository/io/quarkus/quarkus-jsonp/0.25.0/quarkus-jsonp-0.25.0.jar:/home/werrio5/.m2/repository/org/jboss/resteasy/resteasy-json-binding-provider/4.3.1.Final/resteasy-json-binding-provider-4.3.1.Final.jar:/home/werrio5/.m2/repository/org/glassfish/javax.json/1.1.4/javax.json-1.1.4.jar:/home/werrio5/.m2/repository/org/jboss/resteasy/resteasy-json-p-provider/4.3.1.Final/resteasy-json-p-provider-4.3.1.Final.jar:/home/werrio5/.m2/repository/commons-io/commons-io/2.5/commons-io-2.5.jar:"/>
    <property name="java.vm.vendor" value="Ubuntu"/>
    <property name="sun.arch.data.model" value="64"/>
    <property name="java.vendor.url" value="https://ubuntu.com/"/>
    <property name="user.timezone" value=""/>
    <property name="java.vm.specification.version" value="11"/>
    <property name="os.name" value="Linux"/>
    <property name="user.country" value="RU"/>
    <property name="sun.java.launcher" value="SUN_STANDARD"/>
    <property name="sun.boot.library.path" value="/usr/lib/jvm/java-11-openjdk-amd64/lib"/>
    <property name="sun.java.command" value="/home/werrio5/rest-json/target/surefire/surefirebooter12278090306533396114.jar /home/werrio5/rest-json/target/surefire 2019-10-18T15-47-03_154-jvmRun1 surefire7122319876830433826tmp surefire_018422819467204036173tmp"/>
    <property name="jdk.debug" value="release"/>
    <property name="surefire.test.class.path" value="/home/werrio5/rest-json/target/test-classes:/home/werrio5/rest-json/target/classes:/home/werrio5/.m2/repository/io/quarkus/quarkus-resteasy/0.25.0/quarkus-resteasy-0.25.0.jar:/home/werrio5/.m2/repository/io/quarkus/quarkus-vertx-http/0.25.0/quarkus-vertx-http-0.25.0.jar:/home/werrio5/.m2/repository/io/quarkus/security/quarkus-security/1.0.0.Alpha2/quarkus-security-1.0.0.Alpha2.jar:/home/werrio5/.m2/repository/javax/enterprise/cdi-api/2.0.SP1/cdi-api-2.0.SP1.jar:/home/werrio5/.m2/repository/javax/el/javax.el-api/3.0.0/javax.el-api-3.0.0.jar:/home/werrio5/.m2/repository/javax/interceptor/javax.interceptor-api/1.2/javax.interceptor-api-1.2.jar:/home/werrio5/.m2/repository/io/quarkus/quarkus-vertx-core/0.25.0/quarkus-vertx-core-0.25.0.jar:/home/werrio5/.m2/repository/io/quarkus/quarkus-netty/0.25.0/quarkus-netty-0.25.0.jar:/home/werrio5/.m2/repository/io/netty/netty-codec/4.1.39.Final/netty-codec-4.1.39.Final.jar:/home/werrio5/.m2/repository/io/netty/netty-handler/4.1.39.Final/netty-handler-4.1.39.Final.jar:/home/werrio5/.m2/repository/io/vertx/vertx-core/3.8.2/vertx-core-3.8.2.jar:/home/werrio5/.m2/repository/io/netty/netty-common/4.1.39.Final/netty-common-4.1.39.Final.jar:/home/werrio5/.m2/repository/io/netty/netty-buffer/4.1.39.Final/netty-buffer-4.1.39.Final.jar:/home/werrio5/.m2/repository/io/netty/netty-transport/4.1.39.Final/netty-transport-4.1.39.Final.jar:/home/werrio5/.m2/repository/io/netty/netty-handler-proxy/4.1.39.Final/netty-handler-proxy-4.1.39.Final.jar:/home/werrio5/.m2/repository/io/netty/netty-codec-socks/4.1.39.Final/netty-codec-socks-4.1.39.Final.jar:/home/werrio5/.m2/repository/io/netty/netty-codec-http/4.1.39.Final/netty-codec-http-4.1.39.Final.jar:/home/werrio5/.m2/repository/io/netty/netty-codec-http2/4.1.39.Final/netty-codec-http2-4.1.39.Final.jar:/home/werrio5/.m2/repository/io/netty/netty-resolver/4.1.39.Final/netty-resolver-4.1.39.Final.jar:/home/werrio5/.m2/repository/io/netty/netty-resolver-dns/4.1.39.Final/netty-resolver-dns-4.1.39.Final.jar:/home/werrio5/.m2/repository/io/netty/netty-codec-dns/4.1.39.Final/netty-codec-dns-4.1.39.Final.jar:/home/werrio5/.m2/repository/com/fasterxml/jackson/core/jackson-core/2.9.10/jackson-core-2.9.10.jar:/home/werrio5/.m2/repository/io/vertx/vertx-web/3.8.2/vertx-web-3.8.2.jar:/home/werrio5/.m2/repository/io/vertx/vertx-web-common/3.8.2/vertx-web-common-3.8.2.jar:/home/werrio5/.m2/repository/io/vertx/vertx-auth-common/3.8.2/vertx-auth-common-3.8.2.jar:/home/werrio5/.m2/repository/io/vertx/vertx-bridge-common/3.8.2/vertx-bridge-common-3.8.2.jar:/home/werrio5/.m2/repository/io/quarkus/quarkus-resteasy-server-common/0.25.0/quarkus-resteasy-server-common-0.25.0.jar:/home/werrio5/.m2/repository/io/quarkus/quarkus-arc/0.25.0/quarkus-arc-0.25.0.jar:/home/werrio5/.m2/repository/io/quarkus/arc/arc/0.25.0/arc-0.25.0.jar:/home/werrio5/.m2/repository/org/eclipse/microprofile/context-propagation/microprofile-context-propagation-api/1.0.1/microprofile-context-propagation-api-1.0.1.jar:/home/werrio5/.m2/repository/io/quarkus/quarkus-resteasy-common/0.25.0/quarkus-resteasy-common-0.25.0.jar:/home/werrio5/.m2/repository/org/jboss/resteasy/resteasy-core/4.3.1.Final/resteasy-core-4.3.1.Final.jar:/home/werrio5/.m2/repository/org/jboss/spec/javax/ws/rs/jboss-jaxrs-api_2.1_spec/1.0.2.Final/jboss-jaxrs-api_2.1_spec-1.0.2.Final.jar:/home/werrio5/.m2/repository/org/jboss/spec/javax/xml/bind/jboss-jaxb-api_2.3_spec/1.0.1.Final/jboss-jaxb-api_2.3_spec-1.0.1.Final.jar:/home/werrio5/.m2/repository/org/jboss/resteasy/resteasy-core-spi/4.3.1.Final/resteasy-core-spi-4.3.1.Final.jar:/home/werrio5/.m2/repository/org/reactivestreams/reactive-streams/1.0.3/reactive-streams-1.0.3.jar:/home/werrio5/.m2/repository/com/sun/activation/jakarta.activation/1.2.1/jakarta.activation-1.2.1.jar:/home/werrio5/.m2/repository/javax/validation/validation-api/2.0.1.Final/validation-api-2.0.1.Final.jar:/home/werrio5/.m2/repository/io/quarkus/quarkus-junit5/0.25.0/quarkus-junit5-0.25.0.jar:/home/werrio5/.m2/repository/io/quarkus/quarkus-bootstrap-core/0.25.0/quarkus-bootstrap-core-0.25.0.jar:/home/werrio5/.m2/repository/org/apache/maven/maven-embedder/3.5.4/maven-embedder-3.5.4.jar:/home/werrio5/.m2/repository/org/apache/maven/maven-settings/3.5.4/maven-settings-3.5.4.jar:/home/werrio5/.m2/repository/org/apache/maven/maven-core/3.5.4/maven-core-3.5.4.jar:/home/werrio5/.m2/repository/org/apache/maven/maven-artifact/3.5.4/maven-artifact-3.5.4.jar:/home/werrio5/.m2/repository/org/apache/maven/maven-plugin-api/3.5.4/maven-plugin-api-3.5.4.jar:/home/werrio5/.m2/repository/org/apache/maven/maven-model/3.5.4/maven-model-3.5.4.jar:/home/werrio5/.m2/repository/org/apache/maven/maven-model-builder/3.5.4/maven-model-builder-3.5.4.jar:/home/werrio5/.m2/repository/org/apache/maven/maven-builder-support/3.5.4/maven-builder-support-3.5.4.jar:/home/werrio5/.m2/repository/org/apache/maven/resolver/maven-resolver-api/1.1.1/maven-resolver-api-1.1.1.jar:/home/werrio5/.m2/repository/org/apache/maven/resolver/maven-resolver-util/1.1.1/maven-resolver-util-1.1.1.jar:/home/werrio5/.m2/repository/org/apache/maven/shared/maven-shared-utils/3.2.1/maven-shared-utils-3.2.1.jar:/home/werrio5/.m2/repository/com/google/inject/guice/4.2.0/guice-4.2.0-no_aop.jar:/home/werrio5/.m2/repository/aopalliance/aopalliance/1.0/aopalliance-1.0.jar:/home/werrio5/.m2/repository/com/google/guava/guava/27.0.1-jre/guava-27.0.1-jre.jar:/home/werrio5/.m2/repository/com/google/guava/failureaccess/1.0.1/failureaccess-1.0.1.jar:/home/werrio5/.m2/repository/com/google/guava/listenablefuture/9999.0-empty-to-avoid-conflict-with-guava/listenablefuture-9999.0-empty-to-avoid-conflict-with-guava.jar:/home/werrio5/.m2/repository/com/google/code/findbugs/jsr305/3.0.2/jsr305-3.0.2.jar:/home/werrio5/.m2/repository/org/checkerframework/checker-qual/2.5.2/checker-qual-2.5.2.jar:/home/werrio5/.m2/repository/com/google/errorprone/error_prone_annotations/2.2.0/error_prone_annotations-2.2.0.jar:/home/werrio5/.m2/repository/com/google/j2objc/j2objc-annotations/1.1/j2objc-annotations-1.1.jar:/home/werrio5/.m2/repository/org/codehaus/mojo/animal-sniffer-annotations/1.17/animal-sniffer-annotations-1.17.jar:/home/werrio5/.m2/repository/javax/annotation/jsr250-api/1.0/jsr250-api-1.0.jar:/home/werrio5/.m2/repository/org/codehaus/plexus/plexus-utils/3.0.24/plexus-utils-3.0.24.jar:/home/werrio5/.m2/repository/org/codehaus/plexus/plexus-classworlds/2.5.2/plexus-classworlds-2.5.2.jar:/home/werrio5/.m2/repository/org/eclipse/sisu/org.eclipse.sisu.plexus/0.3.3/org.eclipse.sisu.plexus-0.3.3.jar:/home/werrio5/.m2/repository/org/codehaus/plexus/plexus-component-annotations/1.7.1/plexus-component-annotations-1.7.1.jar:/home/werrio5/.m2/repository/commons-cli/commons-cli/1.4/commons-cli-1.4.jar:/home/werrio5/.m2/repository/org/apache/maven/maven-settings-builder/3.5.4/maven-settings-builder-3.5.4.jar:/home/werrio5/.m2/repository/org/codehaus/plexus/plexus-interpolation/1.24/plexus-interpolation-1.24.jar:/home/werrio5/.m2/repository/org/sonatype/plexus/plexus-sec-dispatcher/1.4/plexus-sec-dispatcher-1.4.jar:/home/werrio5/.m2/repository/org/sonatype/plexus/plexus-cipher/1.4/plexus-cipher-1.4.jar:/home/werrio5/.m2/repository/org/apache/maven/maven-resolver-provider/3.5.4/maven-resolver-provider-3.5.4.jar:/home/werrio5/.m2/repository/org/apache/maven/maven-repository-metadata/3.5.4/maven-repository-metadata-3.5.4.jar:/home/werrio5/.m2/repository/org/apache/maven/resolver/maven-resolver-spi/1.1.1/maven-resolver-spi-1.1.1.jar:/home/werrio5/.m2/repository/org/apache/maven/resolver/maven-resolver-impl/1.1.1/maven-resolver-impl-1.1.1.jar:/home/werrio5/.m2/repository/org/apache/maven/resolver/maven-resolver-connector-basic/1.1.1/maven-resolver-connector-basic-1.1.1.jar:/home/werrio5/.m2/repository/org/apache/maven/resolver/maven-resolver-transport-wagon/1.1.1/maven-resolver-transport-wagon-1.1.1.jar:/home/werrio5/.m2/repository/org/apache/maven/wagon/wagon-provider-api/3.0.0/wagon-provider-api-3.0.0.jar:/home/werrio5/.m2/repository/org/apache/maven/wagon/wagon-http/3.0.0/wagon-http-3.0.0.jar:/home/werrio5/.m2/repository/org/apache/maven/wagon/wagon-http-shared/3.0.0/wagon-http-shared-3.0.0.jar:/home/werrio5/.m2/repository/org/jsoup/jsoup/1.7.2/jsoup-1.7.2.jar:/home/werrio5/.m2/repository/org/apache/maven/wagon/wagon-file/3.0.0/wagon-file-3.0.0.jar:/home/werrio5/.m2/repository/org/jboss/logging/jboss-logging/3.3.2.Final/jboss-logging-3.3.2.Final.jar:/home/werrio5/.m2/repository/org/jboss/logging/commons-logging-jboss-logging/1.0.0.Final/commons-logging-jboss-logging-1.0.0.Final.jar:/home/werrio5/.m2/repository/io/quarkus/quarkus-test-common/0.25.0/quarkus-test-common-0.25.0.jar:/home/werrio5/.m2/repository/io/quarkus/quarkus-core-deployment/0.25.0/quarkus-core-deployment-0.25.0.jar:/home/werrio5/.m2/repository/io/quarkus/gizmo/gizmo/1.0.0.Alpha8/gizmo-1.0.0.Alpha8.jar:/home/werrio5/.m2/repository/org/ow2/asm/asm-util/7.1/asm-util-7.1.jar:/home/werrio5/.m2/repository/org/ow2/asm/asm-tree/7.1/asm-tree-7.1.jar:/home/werrio5/.m2/repository/org/ow2/asm/asm-analysis/7.1/asm-analysis-7.1.jar:/home/werrio5/.m2/repository/org/ow2/asm/asm/7.1/asm-7.1.jar:/home/werrio5/.m2/repository/io/quarkus/quarkus-builder/0.25.0/quarkus-builder-0.25.0.jar:/home/werrio5/.m2/repository/io/quarkus/quarkus-jsonp-deployment/0.25.0/quarkus-jsonp-deployment-0.25.0.jar:/home/werrio5/.m2/repository/org/jboss/jandex/2.1.1.Final/jandex-2.1.1.Final.jar:/home/werrio5/.m2/repository/org/junit/jupiter/junit-jupiter/5.5.2/junit-jupiter-5.5.2.jar:/home/werrio5/.m2/repository/org/junit/jupiter/junit-jupiter-api/5.5.2/junit-jupiter-api-5.5.2.jar:/home/werrio5/.m2/repository/org/apiguardian/apiguardian-api/1.1.0/apiguardian-api-1.1.0.jar:/home/werrio5/.m2/repository/org/opentest4j/opentest4j/1.2.0/opentest4j-1.2.0.jar:/home/werrio5/.m2/repository/org/junit/platform/junit-platform-commons/1.5.2/junit-platform-commons-1.5.2.jar:/home/werrio5/.m2/repository/org/junit/jupiter/junit-jupiter-params/5.5.2/junit-jupiter-params-5.5.2.jar:/home/werrio5/.m2/repository/org/junit/jupiter/junit-jupiter-engine/5.5.2/junit-jupiter-engine-5.5.2.jar:/home/werrio5/.m2/repository/org/junit/platform/junit-platform-engine/1.5.2/junit-platform-engine-1.5.2.jar:/home/werrio5/.m2/repository/io/quarkus/quarkus-core/0.25.0/quarkus-core-0.25.0.jar:/home/werrio5/.m2/repository/javax/inject/javax.inject/1/javax.inject-1.jar:/home/werrio5/.m2/repository/javax/annotation/javax.annotation-api/1.3.2/javax.annotation-api-1.3.2.jar:/home/werrio5/.m2/repository/io/smallrye/smallrye-config/1.3.9/smallrye-config-1.3.9.jar:/home/werrio5/.m2/repository/org/eclipse/microprofile/config/microprofile-config-api/1.3/microprofile-config-api-1.3.jar:/home/werrio5/.m2/repository/org/jboss/logmanager/jboss-logmanager-embedded/1.0.3/jboss-logmanager-embedded-1.0.3.jar:/home/werrio5/.m2/repository/org/jboss/logging/jboss-logging-annotations/2.1.0.Final/jboss-logging-annotations-2.1.0.Final.jar:/home/werrio5/.m2/repository/org/jboss/threads/jboss-threads/3.0.0.Final/jboss-threads-3.0.0.Final.jar:/home/werrio5/.m2/repository/org/slf4j/slf4j-api/1.7.25/slf4j-api-1.7.25.jar:/home/werrio5/.m2/repository/org/jboss/slf4j/slf4j-jboss-logging/1.2.0.Final/slf4j-jboss-logging-1.2.0.Final.jar:/home/werrio5/.m2/repository/org/graalvm/sdk/graal-sdk/19.2.0.1/graal-sdk-19.2.0.1.jar:/home/werrio5/.m2/repository/org/wildfly/common/wildfly-common/1.5.0.Final-format-001/wildfly-common-1.5.0.Final-format-001.jar:/home/werrio5/.m2/repository/io/rest-assured/rest-assured/4.1.1/rest-assured-4.1.1.jar:/home/werrio5/.m2/repository/org/codehaus/groovy/groovy/2.5.6/groovy-2.5.6.jar:/home/werrio5/.m2/repository/org/codehaus/groovy/groovy-xml/2.5.6/groovy-xml-2.5.6.jar:/home/werrio5/.m2/repository/org/apache/httpcomponents/httpclient/4.5.9/httpclient-4.5.9.jar:/home/werrio5/.m2/repository/org/apache/httpcomponents/httpcore/4.4.11/httpcore-4.4.11.jar:/home/werrio5/.m2/repository/commons-codec/commons-codec/1.11/commons-codec-1.11.jar:/home/werrio5/.m2/repository/org/apache/httpcomponents/httpmime/4.5.3/httpmime-4.5.3.jar:/home/werrio5/.m2/repository/org/hamcrest/hamcrest/2.1/hamcrest-2.1.jar:/home/werrio5/.m2/repository/org/ccil/cowan/tagsoup/tagsoup/1.2.1/tagsoup-1.2.1.jar:/home/werrio5/.m2/repository/io/rest-assured/json-path/4.1.1/json-path-4.1.1.jar:/home/werrio5/.m2/repository/org/codehaus/groovy/groovy-json/2.5.6/groovy-json-2.5.6.jar:/home/werrio5/.m2/repository/io/rest-assured/rest-assured-common/4.1.1/rest-assured-common-4.1.1.jar:/home/werrio5/.m2/repository/io/rest-assured/xml-path/4.1.1/xml-path-4.1.1.jar:/home/werrio5/.m2/repository/org/apache/commons/commons-lang3/3.8.1/commons-lang3-3.8.1.jar:/home/werrio5/.m2/repository/javax/xml/bind/jaxb-api/2.3.1/jaxb-api-2.3.1.jar:/home/werrio5/.m2/repository/org/apache/sling/org.apache.sling.javax.activation/0.1.0/org.apache.sling.javax.activation-0.1.0.jar:/home/werrio5/.m2/repository/io/quarkus/quarkus-resteasy-jsonb/0.25.0/quarkus-resteasy-jsonb-0.25.0.jar:/home/werrio5/.m2/repository/io/quarkus/quarkus-jsonb/0.25.0/quarkus-jsonb-0.25.0.jar:/home/werrio5/.m2/repository/org/eclipse/yasson/1.0.4/yasson-1.0.4.jar:/home/werrio5/.m2/repository/javax/json/bind/javax.json.bind-api/1.0/javax.json.bind-api-1.0.jar:/home/werrio5/.m2/repository/io/quarkus/quarkus-jsonp/0.25.0/quarkus-jsonp-0.25.0.jar:/home/werrio5/.m2/repository/org/jboss/resteasy/resteasy-json-binding-provider/4.3.1.Final/resteasy-json-binding-provider-4.3.1.Final.jar:/home/werrio5/.m2/repository/org/glassfish/javax.json/1.1.4/javax.json-1.1.4.jar:/home/werrio5/.m2/repository/org/jboss/resteasy/resteasy-json-p-provider/4.3.1.Final/resteasy-json-p-provider-4.3.1.Final.jar:/home/werrio5/.m2/repository/commons-io/commons-io/2.5/commons-io-2.5.jar:"/>
    <property name="sun.cpu.endian" value="little"/>
    <property name="user.home" value="/home/werrio5"/>
    <property name="user.language" value="ru"/>
    <property name="java.specification.vendor" value="Oracle Corporation"/>
    <property name="java.version.date" value="2019-07-16"/>
    <property name="java.home" value="/usr/lib/jvm/java-11-openjdk-amd64"/>
    <property name="file.separator" value="/"/>
    <property name="basedir" value="/home/werrio5/rest-json"/>
    <property name="java.vm.compressedOopsMode" value="32-bit"/>
    <property name="line.separator" value="&#10;"/>
    <property name="java.specification.name" value="Java Platform API Specification"/>
    <property name="java.vm.specification.vendor" value="Oracle Corporation"/>
    <property name="java.awt.graphicsenv" value="sun.awt.X11GraphicsEnvironment"/>
    <property name="surefire.real.class.path" value="/home/werrio5/rest-json/target/surefire/surefirebooter12278090306533396114.jar"/>
    <property name="sun.management.compiler" value="HotSpot 64-Bit Tiered Compilers"/>
    <property name="java.runtime.version" value="11.0.4+11-post-Ubuntu-1ubuntu218.04.3"/>
    <property name="user.name" value="werrio5"/>
    <property name="path.separator" value=":"/>
    <property name="os.version" value="4.15.0-65-generic"/>
    <property name="java.runtime.name" value="OpenJDK Runtime Environment"/>
    <property name="file.encoding" value="UTF-8"/>
    <property name="java.vm.name" value="OpenJDK 64-Bit Server VM"/>
    <property name="maven.ext.class.path" value="/home/werrio5/Загрузки/netbeans/java/maven-nblib/netbeans-eventspy.jar"/>
    <property name="localRepository" value="/home/werrio5/.m2/repository"/>
    <property name="java.vendor.url.bug" value="https://bugs.launchpad.net/ubuntu/+source/openjdk-lts"/>
    <property name="java.io.tmpdir" value="/tmp"/>
    <property name="java.version" value="11.0.4"/>
    <property name="user.dir" value="/home/werrio5/rest-json"/>
    <property name="os.arch" value="amd64"/>
    <property name="java.vm.specification.name" value="Java Virtual Machine Specification"/>
    <property name="java.awt.printerjob" value="sun.print.PSPrinterJob"/>
    <property name="sun.os.patch.level" value="unknown"/>
    <property name="java.util.logging.manager" value="org.jboss.logmanager.LogManager"/>
    <property name="java.library.path" value="/usr/java/packages/lib:/usr/lib/x86_64-linux-gnu/jni:/lib/x86_64-linux-gnu:/usr/lib/x86_64-linux-gnu:/usr/lib/jni:/lib:/usr/lib"/>
    <property name="java.vendor" value="Ubuntu"/>
    <property name="java.vm.info" value="mixed mode, sharing"/>
    <property name="java.vm.version" value="11.0.4+11-post-Ubuntu-1ubuntu218.04.3"/>
    <property name="sun.io.unicode.encoding" value="UnicodeLittle"/>
    <property name="java.class.version" value="55.0"/>
  </properties>
  <testcase name="testHelloEndpoint" classname="org.acme.rest.json.FruitResourceTest" time="3.53">
    <failure message="1 expectation failed.&#10;Response body doesn&apos;t match expectation.&#10;Expected: is &quot;hello&quot;&#10;  Actual: [{&quot;description&quot;:&quot;Winter fruit&quot;,&quot;name&quot;:&quot;???&quot;},{&quot;description&quot;:&quot;Tropical fruit&quot;,&quot;name&quot;:&quot;Pineapple&quot;}]&#10;" type="java.lang.AssertionError">java.lang.AssertionError: 
1 expectation failed.
Response body doesn't match expectation.
Expected: is "hello"
  Actual: [{"description":"Winter fruit","name":"???"},{"description":"Tropical fruit","name":"Pineapple"}]

	at org.acme.rest.json.FruitResourceTest.testHelloEndpoint(FruitResourceTest.java:18)
</failure>
    <system-out><![CDATA[2019-10-18 15:47:07,460 INFO  [io.qua.dep.QuarkusAugmentor] (main) Beginning quarkus augmentation
2019-10-18 15:47:10,802 INFO  [io.qua.resteasy] (build-23) Resteasy running without servlet container.
2019-10-18 15:47:10,802 INFO  [io.qua.resteasy] (build-23) - Add quarkus-undertow to run Resteasy within a servlet container
2019-10-18 15:47:11,022 INFO  [io.qua.dep.QuarkusAugmentor] (main) Quarkus augmentation completed in 3562ms
2019-10-18 15:47:12,394 INFO  [io.quarkus] (main) Quarkus 0.25.0 started in 1.368s. Listening on: http://0.0.0.0:8081
2019-10-18 15:47:12,395 INFO  [io.quarkus] (main) Profile test activated. 
2019-10-18 15:47:12,396 INFO  [io.quarkus] (main) Installed features: [cdi, resteasy, resteasy-jsonb]
]]></system-out>
  </testcase>
</testsuite>